0 info it worked if it ends with ok
1 verbose cli [ '/usr/local/bin/node',
1 verbose cli   '/usr/local/bin/npm',
1 verbose cli   'install',
1 verbose cli   'bower',
1 verbose cli   '-g' ]
2 info using npm@3.4.0
3 info using node@v4.2.1
4 silly loadCurrentTree Starting
5 silly install loadCurrentTree
6 silly install readGlobalPackageData
7 silly fetchPackageMetaData bower
8 silly fetchNamedPackageData bower
9 silly mapToRegistry name bower
10 silly mapToRegistry using default registry
11 silly mapToRegistry registry https://registry.npmjs.org/
12 silly mapToRegistry uri https://registry.npmjs.org/bower
13 verbose request uri https://registry.npmjs.org/bower
14 verbose request no auth needed
15 info attempt registry request try #1 at 13:01:25
16 verbose request id 986aa71a3cb6ecaf
17 http request GET https://registry.npmjs.org/bower
18 http 200 https://registry.npmjs.org/bower
19 verbose headers { server: 'CouchDB/1.5.0 (Erlang OTP/R16B03)',
19 verbose headers   etag: '"1M5C6HOINZO0SB69Q0CBGM5ZS"',
19 verbose headers   'content-type': 'application/json',
19 verbose headers   'content-encoding': 'gzip',
19 verbose headers   'cache-control': 'max-age=300',
19 verbose headers   'content-length': '20871',
19 verbose headers   'accept-ranges': 'bytes',
19 verbose headers   date: 'Sun, 06 Nov 2016 12:01:26 GMT',
19 verbose headers   via: '1.1 varnish',
19 verbose headers   age: '71',
19 verbose headers   connection: 'keep-alive',
19 verbose headers   'x-served-by': 'cache-bma7033-BMA',
19 verbose headers   'x-cache': 'HIT',
19 verbose headers   'x-cache-hits': '2',
19 verbose headers   'x-timer': 'S1478433686.510166,VS0,VE0',
19 verbose headers   vary: 'Accept-Encoding' }
20 silly get cb [ 200,
20 silly get   { server: 'CouchDB/1.5.0 (Erlang OTP/R16B03)',
20 silly get     etag: '"1M5C6HOINZO0SB69Q0CBGM5ZS"',
20 silly get     'content-type': 'application/json',
20 silly get     'content-encoding': 'gzip',
20 silly get     'cache-control': 'max-age=300',
20 silly get     'content-length': '20871',
20 silly get     'accept-ranges': 'bytes',
20 silly get     date: 'Sun, 06 Nov 2016 12:01:26 GMT',
20 silly get     via: '1.1 varnish',
20 silly get     age: '71',
20 silly get     connection: 'keep-alive',
20 silly get     'x-served-by': 'cache-bma7033-BMA',
20 silly get     'x-cache': 'HIT',
20 silly get     'x-cache-hits': '2',
20 silly get     'x-timer': 'S1478433686.510166,VS0,VE0',
20 silly get     vary: 'Accept-Encoding' } ]
21 verbose get saving bower to /home/marko/.npm/registry.npmjs.org/bower/.cache.json
22 silly install normalizeTree
23 silly loadCurrentTree Finishing
24 silly loadIdealTree Starting
25 silly install loadIdealTree
26 silly cloneCurrentTree Starting
27 silly install cloneCurrentTreeToIdealTree
28 silly cloneCurrentTree Finishing
29 silly loadShrinkwrap Starting
30 silly install loadShrinkwrap
31 silly loadShrinkwrap Finishing
32 silly loadAllDepsIntoIdealTree Starting
33 silly install loadAllDepsIntoIdealTree
34 silly resolveWithNewModule bower@1.7.9 checking installable status
35 silly cache add args [ 'bower', null ]
36 verbose cache add spec bower
37 silly cache add parsed spec Result {
37 silly cache add   raw: 'bower',
37 silly cache add   scope: null,
37 silly cache add   name: 'bower',
37 silly cache add   rawSpec: '',
37 silly cache add   spec: '*',
37 silly cache add   type: 'range' }
38 silly addNamed bower@*
39 verbose addNamed "*" is a valid semver range for bower
40 silly addNameRange { name: 'bower', range: '*', hasData: false }
41 silly mapToRegistry name bower
42 silly mapToRegistry using default registry
43 silly mapToRegistry registry https://registry.npmjs.org/
44 silly mapToRegistry uri https://registry.npmjs.org/bower
45 verbose addNameRange registry:https://registry.npmjs.org/bower not in flight; fetching
46 verbose get https://registry.npmjs.org/bower not expired, no request
47 silly addNameRange number 2 { name: 'bower', range: '*', hasData: true }
48 silly addNameRange versions [ 'bower',
48 silly addNameRange   [ '0.1.0',
48 silly addNameRange     '0.1.2',
48 silly addNameRange     '0.1.3',
48 silly addNameRange     '0.2.0',
48 silly addNameRange     '0.3.0',
48 silly addNameRange     '0.3.1',
48 silly addNameRange     '0.3.2',
48 silly addNameRange     '0.4.0',
48 silly addNameRange     '0.5.0',
48 silly addNameRange     '0.5.1',
48 silly addNameRange     '0.6.0',
48 silly addNameRange     '0.6.1',
48 silly addNameRange     '0.6.2',
48 silly addNameRange     '0.6.3',
48 silly addNameRange     '0.6.4',
48 silly addNameRange     '0.6.5',
48 silly addNameRange     '0.6.6',
48 silly addNameRange     '0.6.7',
48 silly addNameRange     '0.6.8',
48 silly addNameRange     '0.7.0',
48 silly addNameRange     '0.7.1',
48 silly addNameRange     '0.8.0',
48 silly addNameRange     '0.8.1',
48 silly addNameRange     '0.8.2',
48 silly addNameRange     '0.8.3',
48 silly addNameRange     '0.8.4',
48 silly addNameRange     '0.8.5',
48 silly addNameRange     '0.8.6',
48 silly addNameRange     '0.9.0',
48 silly addNameRange     '0.9.1',
48 silly addNameRange     '0.9.2',
48 silly addNameRange     '0.10.0',
48 silly addNameRange     '1.0.0',
48 silly addNameRange     '1.0.1',
48 silly addNameRange     '1.0.2',
48 silly addNameRange     '1.0.3',
48 silly addNameRange     '1.1.0',
48 silly addNameRange     '1.1.1',
48 silly addNameRange     '1.1.2',
48 silly addNameRange     '1.2.0',
48 silly addNameRange     '1.2.1',
48 silly addNameRange     '1.2.2',
48 silly addNameRange     '1.2.3',
48 silly addNameRange     '1.2.4',
48 silly addNameRange     '1.2.5',
48 silly addNameRange     '1.2.6',
48 silly addNameRange     '1.2.7',
48 silly addNameRange     '1.2.8',
48 silly addNameRange     '1.3.0',
48 silly addNameRange     '1.3.1',
48 silly addNameRange     '1.3.2',
48 silly addNameRange     '1.3.3',
48 silly addNameRange     '1.3.4',
48 silly addNameRange     '1.3.5',
48 silly addNameRange     '1.3.6',
48 silly addNameRange     '1.3.7',
48 silly addNameRange     '1.3.8',
48 silly addNameRange     '1.3.9',
48 silly addNameRange     '1.3.10',
48 silly addNameRange     '1.3.11',
48 silly addNameRange     '1.3.12',
48 silly addNameRange     '1.4.0',
48 silly addNameRange     '1.4.1',
48 silly addNameRange     '1.5.0',
48 silly addNameRange     '1.5.1',
48 silly addNameRange     '1.5.2',
48 silly addNameRange     '1.5.3',
48 silly addNameRange     '1.6.2',
48 silly addNameRange     '1.6.3',
48 silly addNameRange     '1.6.4',
48 silly addNameRange     '1.6.5',
48 silly addNameRange     '1.5.4',
48 silly addNameRange     '1.4.2',
48 silly addNameRange     '1.6.6',
48 silly addNameRange     '1.6.7',
48 silly addNameRange     '1.6.8',
48 silly addNameRange     '1.6.9',
48 silly addNameRange     '1.7.0',
48 silly addNameRange     '1.7.1',
48 silly addNameRange     '1.7.2',
48 silly addNameRange     '1.7.5',
48 silly addNameRange     '1.7.6',
48 silly addNameRange     '1.7.7',
48 silly addNameRange     '1.7.8',
48 silly addNameRange     '1.7.9' ] ]
49 silly addNamed bower@1.7.9
50 verbose addNamed "1.7.9" is a plain semver version for bower
51 silly mapToRegistry name bower
52 silly mapToRegistry using default registry
53 silly mapToRegistry registry https://registry.npmjs.org/
54 silly mapToRegistry uri https://registry.npmjs.org/bower
55 verbose addRemoteTarball https://registry.npmjs.org/bower/-/bower-1.7.9.tgz not in flight; adding
56 verbose addRemoteTarball [ 'https://registry.npmjs.org/bower/-/bower-1.7.9.tgz',
56 verbose addRemoteTarball   'b7296c2393e0d75edaa6ca39648132dd255812b0' ]
57 info retry fetch attempt 1 at 13:01:26
58 info attempt registry request try #1 at 13:01:26
59 http fetch GET https://registry.npmjs.org/bower/-/bower-1.7.9.tgz
60 http fetch 200 https://registry.npmjs.org/bower/-/bower-1.7.9.tgz
61 silly fetchAndShaCheck shasum b7296c2393e0d75edaa6ca39648132dd255812b0
62 verbose addTmpTarball /tmp/npm-8829-0868f233/registry.npmjs.org/bower/-/bower-1.7.9.tgz not in flight; adding
63 verbose addTmpTarball already have metadata; skipping unpack for bower@1.7.9
64 silly cache afterAdd bower@1.7.9
65 verbose afterAdd /home/marko/.npm/bower/1.7.9/package/package.json not in flight; writing
66 verbose afterAdd /home/marko/.npm/bower/1.7.9/package/package.json written
67 silly loadAllDepsIntoIdealTree Finishing
68 silly idealTree:prePrune lib
68 silly idealTree:prePrune └── bower@1.7.9
69 silly loadIdealTree Finishing
70 silly currentTree lib
71 silly idealTree lib
71 silly idealTree └── bower@1.7.9
72 silly generateActionsToTake Starting
73 silly install generateActionsToTake
74 warn checkPermissions Missing write access to /usr/local/lib/node_modules
75 silly rollbackFailedOptional Starting
76 silly rollbackFailedOptional Finishing
77 silly runTopLevelLifecycles Starting
78 silly runTopLevelLifecycles Finishing
79 silly install printInstalled
80 verbose stack Error: EACCES: permission denied, access '/usr/local/lib/node_modules'
80 verbose stack     at Error (native)
81 verbose cwd /var/www/html/badang_app_laravel/js
82 error Linux 4.4.0-45-generic
83 error argv "/usr/local/bin/node" "/usr/local/bin/npm" "install" "bower" "-g"
84 error node v4.2.1
85 error npm  v3.4.0
86 error path /usr/local/lib/node_modules
87 error code EACCES
88 error errno -13
89 error syscall access
90 error Error: EACCES: permission denied, access '/usr/local/lib/node_modules'
90 error     at Error (native)
90 error  { [Error: EACCES: permission denied, access '/usr/local/lib/node_modules']
90 error   errno: -13,
90 error   code: 'EACCES',
90 error   syscall: 'access',
90 error   path: '/usr/local/lib/node_modules' }
91 error Please try running this command again as root/Administrator.
92 verbose exit [ -13, true ]
